<?xml version="1.0" encoding="UTF-8"?>
<testsuite xmlns:xsi="http://www.w3.org/2001/XMLSchema-instance" xsi:noNamespaceSchemaLocation="https://maven.apache.org/surefire/maven-surefire-plugin/xsd/surefire-test-report.xsd" version="3.0.2" name="com.SIH.Women.Safety.Device.WomenSafetyDeviceApplicationTests" time="7.625" tests="1" errors="0" skipped="0" failures="0" flakes="0">
  <properties>
[...]
</properties>
  <testcase name="contextLoads" classname="com.SIH.Women.Safety.Device.WomenSafetyDeviceApplicationTests" time="1.006">
    <system-out><![CDATA[22:31:43.927 [main] INFO org.springframework.test.context.support.AnnotationConfigContextLoaderUtils -- Could not detect default configuration classes for test class [com.SIH.Women.Safety.Device.WomenSafetyDeviceApplicationTests]: WomenSafetyDeviceApplicationTests does not declare any static, non-private, non-final, nested classes annotated with @Configuration.
22:31:44.154 [main] INFO org.springframework.boot.test.context.SpringBootTestContextBootstrapper -- Found @SpringBootConfiguration com.SIH.Women.Safety.Device.WomenSafetyDeviceApplication for test class com.SIH.Women.Safety.Device.WomenSafetyDeviceApplicationTests
22:31:44.401 [main] INFO org.springframework.test.context.support.AnnotationConfigContextLoaderUtils -- Could not detect default configuration classes for test class [com.SIH.Women.Safety.Device.WomenSafetyDeviceApplicationTests]: WomenSafetyDeviceApplicationTests does not declare any static, non-private, non-final, nested classes annotated with @Configuration.
22:31:44.404 [main] INFO org.springframework.boot.test.context.SpringBootTestContextBootstrapper -- Found @SpringBootConfiguration com.SIH.Women.Safety.Device.WomenSafetyDeviceApplication for test class com.SIH.Women.Safety.Device.WomenSafetyDeviceApplicationTests

  .   ____          _            __ _ _
 /\\ / ___'_ __ _ _(_)_ __  __ _ \ \ \ \
( ( )\___ | '_ | '_| | '_ \/ _` | \ \ \ \
 \\/  ___)| |_)| | | | | || (_| |  ) ) ) )
  '  |____| .__|_| |_|_| |_\__, | / / / /
 =========|_|==============|___/=/_/_/_/

 :: Spring Boot ::                (v4.1.0)

2026-08-19T22:31:44.897+05:30  INFO 16116 --- [Women-Safety-Device] [           main] .W.S.D.WomenSafetyDeviceApplicationTests : Starting WomenSafetyDeviceApplicationTests using Java 26.0.1 with PID 16116 (started by shiva in D:\BACKEND\Women-Safety-Device)
2026-08-19T22:31:44.899+05:30  INFO 16116 --- [Women-Safety-Device] [           main] .W.S.D.WomenSafetyDeviceApplicationTests : No active profile set, falling back to 1 default profile: "default"
2026-08-19T22:31:46.403+05:30  INFO 16116 --- [Women-Safety-Device] [           main] .s.d.r.c.RepositoryConfigurationDelegate : Bootstrapping Spring Data MongoDB repositories in DEFAULT mode.
2026-08-19T22:31:46.637+05:30  INFO 16116 --- [Women-Safety-Device] [           main] .s.d.r.c.RepositoryConfigurationDelegate : Finished Spring Data repository scanning in 213 ms. Found 11 MongoDB repository interfaces.
2026-08-19T22:31:47.816+05:30  INFO 16116 --- [Women-Safety-Device] [           main] org.mongodb.driver.client                : MongoClient with metadata {"driver": {"name": "mongo-java-driver|spring-boot|sync", "version": "5.8.0"}, "os": {"type": "Windows", "name": "Windows 11", "architecture": "amd64", "version": "10.0"}, "platform": "Java/Oracle Corporation/26.0.1+8-34"} created with settings MongoClientSettings{readPreference=primary, writeConcern=WriteConcern{w=null, wTimeout=null ms, journal=null}, retryWrites=true, retryReads=true, readConcern=ReadConcern{level=null}, credential=null, transportSettings=null, commandListeners=[], codecRegistry=ProvidersCodecRegistry{codecProviders=[ValueCodecProvider{}, BsonValueCodecProvider{}, DBRefCodecProvider{}, DBObjectCodecProvider{}, DocumentCodecProvider{}, CollectionCodecProvider{}, IterableCodecProvider{}, MapCodecProvider{}, GeoJsonCodecProvider{}, GridFSFileCodecProvider{}, Jsr310CodecProvider{}, JsonObjectCodecProvider{}, BsonCodecProvider{}, com.mongodb.client.model.mql.ExpressionCodecProvider@785ed99c, com.mongodb.Jep395RecordCodecProvider@6c4ce583, com.mongodb.KotlinCodecProvider@755b5f30, EnumCodecProvider{}]}, loggerSettings=LoggerSettings{maxDocumentLength=1000}, clusterSettings={hosts=[localhost:27017], srvServiceName=mongodb, mode=SINGLE, requiredClusterType=UNKNOWN, requiredReplicaSetName='null', serverSelector='null', clusterListeners='[]', serverSelectionTimeout='30000 ms', localThreshold='15 ms'}, socketSettings=SocketSettings{connectTimeoutMS=10000, readTimeoutMS=0, receiveBufferSize=0, proxySettings=ProxySettings{host=null, port=null, username=null, password=null}}, heartbeatSocketSettings=SocketSettings{connectTimeoutMS=10000, readTimeoutMS=10000, receiveBufferSize=0, proxySettings=ProxySettings{host=null, port=null, username=null, password=null}}, connectionPoolSettings=ConnectionPoolSettings{maxSize=100, minSize=0, maxWaitTimeMS=120000, maxConnectionLifeTimeMS=0, maxConnectionIdleTimeMS=0, maintenanceInitialDelayMS=0, maintenanceFrequencyMS=60000, connectionPoolListeners=[], maxConnecting=2}, serverSettings=ServerSettings{heartbeatFrequencyMS=10000, minHeartbeatFrequencyMS=500, serverMonitoringMode=AUTO, serverListeners='[]', serverMonitorListeners='[]'}, sslSettings=SslSettings{enabled=false, invalidHostNameAllowed=false, context=null}, applicationName='null', compressorList=[], uuidRepresentation=UNSPECIFIED, serverApi=null, autoEncryptionSettings=null, dnsClient=null, inetAddressResolver=null, contextProvider=null, timeoutMS=null}
2026-08-19T22:31:47.895+05:30  INFO 16116 --- [Women-Safety-Device] [localhost:27017] org.mongodb.driver.cluster               : Monitor thread successfully connected to server with description ServerDescription{address=localhost:27017, type=STANDALONE, cryptd=false, state=CONNECTED, ok=true, minWireVersion=0, maxWireVersion=28, maxDocumentSize=16777216, logicalSessionTimeoutMinutes=30, roundTripTimeNanos=46617800, minRoundTripTimeNanos=0}
2026-08-19T22:31:49.213+05:30  WARN 16116 --- [Women-Safety-Device] [           main] .s.a.UserDetailsServiceAutoConfiguration : 

Using generated security password: b1a356a1-e49a-4fb4-88f8-209c0f8795d3

This generated password is for development use only. Your security configuration must be updated before running your application in production.

2026-08-19T22:31:49.221+05:30  INFO 16116 --- [Women-Safety-Device] [           main] r$InitializeUserDetailsManagerConfigurer : Global AuthenticationManager configured with UserDetailsService bean with name inMemoryUserDetailsManager
2026-08-19T22:31:50.097+05:30  INFO 16116 --- [Women-Safety-Device] [           main] o.s.m.s.b.SimpleBrokerMessageHandler     : Starting...
2026-08-19T22:31:50.099+05:30  INFO 16116 --- [Women-Safety-Device] [           main] o.s.m.s.b.SimpleBrokerMessageHandler     : BrokerAvailabilityEvent[available=true, SimpleBrokerMessageHandler [org.springframework.messaging.simp.broker.DefaultSubscriptionRegistry@123c48d0]]
2026-08-19T22:31:50.099+05:30  INFO 16116 --- [Women-Safety-Device] [           main] o.s.m.s.b.SimpleBrokerMessageHandler     : Started.
2026-08-19T22:31:50.111+05:30  INFO 16116 --- [Women-Safety-Device] [           main] .W.S.D.WomenSafetyDeviceApplicationTests : Started WomenSafetyDeviceApplicationTests in 5.575 seconds (process running for 7.404)
]]></system-out>
    <system-err><![CDATA[Mockito is currently self-attaching to enable the inline-mock-maker. This will no longer work in future releases of the JDK. Please add Mockito as an agent to your build as described in Mockito's documentation: https://javadoc.io/doc/org.mockito/mockito-core/latest/org.mockito/org/mockito/Mockito.html#0.3
WARNING: A Java agent has been loaded dynamically (C:\Users\shiva\.m2\repository\net\bytebuddy\byte-buddy-agent\1.18.10\byte-buddy-agent-1.18.10.jar)
WARNING: If a serviceability tool is in use, please run with -XX:+EnableDynamicAgentLoading to hide this warning
WARNING: If a serviceability tool is not in use, please run with -Djdk.instrument.traceUsage for more information
WARNING: Dynamic loading of agents will be disallowed by default in a future release
]]></system-err>
  </testcase>
</testsuite>